app/build/intermediates/manifest_merge_blame_file/release/processReleaseMainManifest/manifest-merger-blame-release-report.txt
1<?xml version="1.0" encoding="utf-8"?>
2<manifest xmlns:android="http://schemas.android.com/apk/res/android"
3    package="com.badger.trucks"
4    android:versionCode="1"
5    android:versionName="1.0" >
6
7    <uses-sdk
8        android:minSdkVersion="26"
9        android:targetSdkVersion="34" />
10
11    <uses-permission android:name="android.permission.INTERNET" />
11-->src\main\AndroidManifest.xml:4:5-67
11-->src\main\AndroidManifest.xml:4:22-64
12    <uses-permission android:name="android.permission.ACCESS_NETWORK_STATE" />
12-->src\main\AndroidManifest.xml:5:5-79
12-->src\main\AndroidManifest.xml:5:22-76
13    <uses-permission android:name="android.permission.FOREGROUND_SERVICE" />
13-->src\main\AndroidManifest.xml:6:5-77
13-->src\main\AndroidManifest.xml:6:22-74
14    <uses-permission android:name="android.permission.FOREGROUND_SERVICE_DATA_SYNC" />
14-->src\main\AndroidManifest.xml:7:5-87
14-->src\main\AndroidManifest.xml:7:22-84
15    <uses-permission android:name="android.permission.POST_NOTIFICATIONS" />
15-->src\main\AndroidManifest.xml:8:5-77
15-->src\main\AndroidManifest.xml:8:22-74
16
17    <permission
17-->[androidx.core:core:1.12.0] AndroidManifest.xml:22:5-24:47
18        android:name="com.badger.trucks.DYNAMIC_RECEIVER_NOT_EXPORTED_PERMISSION"
18-->[androidx.core:core:1.12.0] AndroidManifest.xml:23:9-81
19        android:protectionLevel="signature" />
19-->[androidx.core:core:1.12.0] AndroidManifest.xml:24:9-44
20
21    <uses-permission android:name="com.badger.trucks.DYNAMIC_RECEIVER_NOT_EXPORTED_PERMISSION" />
21-->[androidx.core:core:1.12.0] AndroidManifest.xml:26:5-97
21-->[androidx.core:core:1.12.0] AndroidManifest.xml:26:22-94
22
23    <application
23-->src\main\AndroidManifest.xml:10:5-32:19
24        android:name="com.badger.trucks.BadgerApp"
24-->src\main\AndroidManifest.xml:17:9-34
25        android:allowBackup="true"
25-->src\main\AndroidManifest.xml:11:9-35
26        android:appComponentFactory="androidx.core.app.CoreComponentFactory"
26-->[androidx.core:core:1.12.0] AndroidManifest.xml:28:18-86
27        android:extractNativeLibs="false"
28        android:icon="@mipmap/ic_launcher"
28-->src\main\AndroidManifest.xml:12:9-43
29        android:label="Badger Trucks"
29-->src\main\AndroidManifest.xml:13:9-38
30        android:roundIcon="@mipmap/ic_launcher_round"
30-->src\main\AndroidManifest.xml:14:9-54
31        android:supportsRtl="true"
31-->src\main\AndroidManifest.xml:15:9-35
32        android:theme="@style/Theme.BadgerTrucks" >
32-->src\main\AndroidManifest.xml:16:9-50
33        <activity
33-->src\main\AndroidManifest.xml:18:9-26:20
34            android:name="com.badger.trucks.MainActivity"
34-->src\main\AndroidManifest.xml:19:13-41
35            android:exported="true"
35-->src\main\AndroidManifest.xml:20:13-36
36            android:theme="@style/Theme.BadgerTrucks" >
36-->src\main\AndroidManifest.xml:21:13-54
37            <intent-filter>
37-->src\main\AndroidManifest.xml:22:13-25:29
38                <action android:name="android.intent.action.MAIN" />
38-->src\main\AndroidManifest.xml:23:17-69
38-->src\main\AndroidManifest.xml:23:25-66
39
40                <category android:name="android.intent.category.LAUNCHER" />
40-->src\main\AndroidManifest.xml:24:17-77
40-->src\main\AndroidManifest.xml:24:27-74
41            </intent-filter>
42        </activity>
43
44        <service
44-->src\main\AndroidManifest.xml:28:9-31:40
45            android:name="com.badger.trucks.service.BadgerService"
45-->src\main\AndroidManifest.xml:29:13-50
46            android:exported="false"
46-->src\main\AndroidManifest.xml:31:13-37
47            android:foregroundServiceType="dataSync" />
47-->src\main\AndroidManifest.xml:30:13-53
48
49        <provider
49-->[io.github.jan-tennert.supabase:gotrue-kt-android:2.5.0] AndroidManifest.xml:9:9-17:20
50            android:name="androidx.startup.InitializationProvider"
50-->[io.github.jan-tennert.supabase:gotrue-kt-android:2.5.0] AndroidManifest.xml:10:13-67
51            android:authorities="com.badger.trucks.androidx-startup"
51-->[io.github.jan-tennert.supabase:gotrue-kt-android:2.5.0] AndroidManifest.xml:11:13-68
52            android:exported="false" >
52-->[io.github.jan-tennert.supabase:gotrue-kt-android:2.5.0] AndroidManifest.xml:12:13-37
53            <meta-data
53-->[io.github.jan-tennert.supabase:gotrue-kt-android:2.5.0] AndroidManifest.xml:14:13-16:52
54                android:name="io.github.jan.supabase.gotrue.SupabaseInitializer"
54-->[io.github.jan-tennert.supabase:gotrue-kt-android:2.5.0] AndroidManifest.xml:15:17-81
55                android:value="androidx.startup" />
55-->[io.github.jan-tennert.supabase:gotrue-kt-android:2.5.0] AndroidManifest.xml:16:17-49
56            <meta-data
56-->[androidx.emoji2:emoji2:1.3.0] AndroidManifest.xml:29:13-31:52
57                android:name="androidx.emoji2.text.EmojiCompatInitializer"
57-->[androidx.emoji2:emoji2:1.3.0] AndroidManifest.xml:30:17-75
58                android:value="androidx.startup" />
58-->[androidx.emoji2:emoji2:1.3.0] AndroidManifest.xml:31:17-49
59            <meta-data
59-->[androidx.lifecycle:lifecycle-process:2.8.1] AndroidManifest.xml:29:13-31:52
60                android:name="androidx.lifecycle.ProcessLifecycleInitializer"
60-->[androidx.lifecycle:lifecycle-process:2.8.1] AndroidManifest.xml:30:17-78
61                android:value="androidx.startup" />
61-->[androidx.lifecycle:lifecycle-process:2.8.1] AndroidManifest.xml:31:17-49
62            <meta-data
62-->[com.russhwolf:multiplatform-settings-no-arg-android:1.1.1] AndroidManifest.xml:29:13-31:52
63                android:name="com.russhwolf.settings.SettingsInitializer"
63-->[com.russhwolf:multiplatform-settings-no-arg-android:1.1.1] AndroidManifest.xml:30:17-74
64                android:value="androidx.startup" />
64-->[com.russhwolf:multiplatform-settings-no-arg-android:1.1.1] AndroidManifest.xml:31:17-49
65            <meta-data
65-->[androidx.profileinstaller:profileinstaller:1.3.1] AndroidManifest.xml:29:13-31:52
66                android:name="androidx.profileinstaller.ProfileInstallerInitializer"
66-->[androidx.profileinstaller:profileinstaller:1.3.1] AndroidManifest.xml:30:17-85
67                android:value="androidx.startup" />
67-->[androidx.profileinstaller:profileinstaller:1.3.1] AndroidManifest.xml:31:17-49
68        </provider>
69
70        <receiver
70-->[androidx.profileinstaller:profileinstaller:1.3.1] AndroidManifest.xml:34:9-52:20
71            android:name="androidx.profileinstaller.ProfileInstallReceiver"
71-->[androidx.profileinstaller:profileinstaller:1.3.1] AndroidManifest.xml:35:13-76
72            android:directBootAware="false"
72-->[androidx.profileinstaller:profileinstaller:1.3.1] AndroidManifest.xml:36:13-44
73            android:enabled="true"
73-->[androidx.profileinstaller:profileinstaller:1.3.1] AndroidManifest.xml:37:13-35
74            android:exported="true"
74-->[androidx.profileinstaller:profileinstaller:1.3.1] AndroidManifest.xml:38:13-36
75            android:permission="android.permission.DUMP" >
75-->[androidx.profileinstaller:profileinstaller:1.3.1] AndroidManifest.xml:39:13-57
76            <intent-filter>
76-->[androidx.profileinstaller:profileinstaller:1.3.1] AndroidManifest.xml:40:13-42:29
77                <action android:name="androidx.profileinstaller.action.INSTALL_PROFILE" />
77-->[androidx.profileinstaller:profileinstaller:1.3.1] AndroidManifest.xml:41:17-91
77-->[androidx.profileinstaller:profileinstaller:1.3.1] AndroidManifest.xml:41:25-88
78            </intent-filter>
79            <intent-filter>
79-->[androidx.profileinstaller:profileinstaller:1.3.1] AndroidManifest.xml:43:13-45:29
80                <action android:name="androidx.profileinstaller.action.SKIP_FILE" />
80-->[androidx.profileinstaller:profileinstaller:1.3.1] AndroidManifest.xml:44:17-85
80-->[androidx.profileinstaller:profileinstaller:1.3.1] AndroidManifest.xml:44:25-82
81            </intent-filter>
82            <intent-filter>
82-->[androidx.profileinstaller:profileinstaller:1.3.1] AndroidManifest.xml:46:13-48:29
83                <action android:name="androidx.profileinstaller.action.SAVE_PROFILE" />
83-->[androidx.profileinstaller:profileinstaller:1.3.1] AndroidManifest.xml:47:17-88
83-->[androidx.profileinstaller:profileinstaller:1.3.1] AndroidManifest.xml:47:25-85
84            </intent-filter>
85            <intent-filter>
85-->[androidx.profileinstaller:profileinstaller:1.3.1] AndroidManifest.xml:49:13-51:29
86                <action android:name="androidx.profileinstaller.action.BENCHMARK_OPERATION" />
86-->[androidx.profileinstaller:profileinstaller:1.3.1] AndroidManifest.xml:50:17-95
86-->[androidx.profileinstaller:profileinstaller:1.3.1] AndroidManifest.xml:50:25-92
87            </intent-filter>
88        </receiver>
89    </application>
90
91</manifest>